<?xml version="1.0" encoding="UTF-8"?>
<!-- Generated by org.testng.reporters.JUnitReportReporter -->
<testsuite skipped="0" hostname="VITSIN-1-65" name="TestCases.TripStopDetailedTest" tests="1" failures="1" timestamp="2019-10-09T11:17:46 EDT" time="94.697" errors="0">
  <testcase name="Verify_the_Trip_Stop_Detailed_using_Monthly_Period_functionality" time="94.697" classname="TestCases.TripStopDetailedTest">
    <failure type="java.lang.AssertionError" message="Element xpath://li[@class=&#039;ant-menu-submenu ant-menu-submenu-inline ant-menu-submenu-open&#039;]//ul//li[1] was not displayed.
Common.Sync.isElementVisible(Sync.java:69)
Common.ActionMethods.mouseHover(ActionMethods.java:476)
PageObjects.ReportsPage.clickOnReportsSidebarTripStopDetailed(ReportsPage.java:108)
TestCases.TripStopDetailedTest.Verify_the_Trip_Stop_Detailed_using_Monthly_Period_functionality(TripStopDetailedTest.java:391)
sun.reflect.NativeMethodAccessorImpl.invoke0(Native Method)
sun.reflect.NativeMethodAccessorImpl.invoke(Unknown Source)
sun.reflect.DelegatingMethodAccessorImpl.invoke(Unknown Source)
java.lang.reflect.Method.invoke(Unknown Source)
org.testng.internal.MethodInvocationHelper.invokeMethod(MethodInvocationHelper.java:133)
org.testng.internal.TestInvoker.invokeMethod(TestInvoker.java:584)
org.testng.internal.TestInvoker.invokeTestMethod(TestInvoker.java:172)
org.testng.internal.MethodRunner.runInSequence(MethodRunner.java:46)
org.testng.internal.TestInvoker$MethodInvocationAgent.invoke(TestInvoker.java:804)
org.testng.internal.TestInvoker.invokeTestMethods(TestInvoker.java:145)
org.testng.internal.TestMethodWorker.invokeTestMethods(TestMethodWorker.java:146)
org.testng.internal.TestMethodWorker.run(TestMethodWorker.java:128)
java.util.ArrayList.forEach(Unknown Source)
org.testng.TestRunner.privateRun(TestRunner.java:770)
org.testng.TestRunner.run(TestRunner.java:591)
org.testng.SuiteRunner.runTest(SuiteRunner.java:402)
org.testng.SuiteRunner.runSequentially(SuiteRunner.java:396)
org.testng.SuiteRunner.privateRun(SuiteRunner.java:355)
org.testng.SuiteRunner.run(SuiteRunner.java:304)
org.testng.SuiteRunnerWorker.runSuite(SuiteRunnerWorker.java:53)
org.testng.SuiteRunnerWorker.run(SuiteRunnerWorker.java:96)
org.testng.TestNG.runSuitesSequentially(TestNG.java:1180)
org.testng.TestNG.runSuitesLocally(TestNG.java:1102)
org.testng.TestNG.runSuites(TestNG.java:1032)
org.testng.TestNG.run(TestNG.java:1000)
org.testng.remote.AbstractRemoteTestNG.run(AbstractRemoteTestNG.java:115)
org.testng.remote.RemoteTestNG.initAndRun(RemoteTestNG.java:251)
org.testng.remote.RemoteTestNG.main(RemoteTestNG.java:77)">
      <![CDATA[java.lang.AssertionError: Element xpath://li[@class='ant-menu-submenu ant-menu-submenu-inline ant-menu-submenu-open']//ul//li[1] was not displayed.
Common.Sync.isElementVisible(Sync.java:69)
Common.ActionMethods.mouseHover(ActionMethods.java:476)
PageObjects.ReportsPage.clickOnReportsSidebarTripStopDetailed(ReportsPage.java:108)
TestCases.TripStopDetailedTest.Verify_the_Trip_Stop_Detailed_using_Monthly_Period_functionality(TripStopDetailedTest.java:391)
sun.reflect.NativeMethodAccessorImpl.invoke0(Native Method)
sun.reflect.NativeMethodAccessorImpl.invoke(Unknown Source)
sun.reflect.DelegatingMethodAccessorImpl.invoke(Unknown Source)
java.lang.reflect.Method.invoke(Unknown Source)
org.testng.internal.MethodInvocationHelper.invokeMethod(MethodInvocationHelper.java:133)
org.testng.internal.TestInvoker.invokeMethod(TestInvoker.java:584)
org.testng.internal.TestInvoker.invokeTestMethod(TestInvoker.java:172)
org.testng.internal.MethodRunner.runInSequence(MethodRunner.java:46)
org.testng.internal.TestInvoker$MethodInvocationAgent.invoke(TestInvoker.java:804)
org.testng.internal.TestInvoker.invokeTestMethods(TestInvoker.java:145)
org.testng.internal.TestMethodWorker.invokeTestMethods(TestMethodWorker.java:146)
org.testng.internal.TestMethodWorker.run(TestMethodWorker.java:128)
java.util.ArrayList.forEach(Unknown Source)
org.testng.TestRunner.privateRun(TestRunner.java:770)
org.testng.TestRunner.run(TestRunner.java:591)
org.testng.SuiteRunner.runTest(SuiteRunner.java:402)
org.testng.SuiteRunner.runSequentially(SuiteRunner.java:396)
org.testng.SuiteRunner.privateRun(SuiteRunner.java:355)
org.testng.SuiteRunner.run(SuiteRunner.java:304)
org.testng.SuiteRunnerWorker.runSuite(SuiteRunnerWorker.java:53)
org.testng.SuiteRunnerWorker.run(SuiteRunnerWorker.java:96)
org.testng.TestNG.runSuitesSequentially(TestNG.java:1180)
org.testng.TestNG.runSuitesLocally(TestNG.java:1102)
org.testng.TestNG.runSuites(TestNG.java:1032)
org.testng.TestNG.run(TestNG.java:1000)
org.testng.remote.AbstractRemoteTestNG.run(AbstractRemoteTestNG.java:115)
org.testng.remote.RemoteTestNG.initAndRun(RemoteTestNG.java:251)
org.testng.remote.RemoteTestNG.main(RemoteTestNG.java:77)
at org.testng.Assert.fail(Assert.java:97)
at Common.Sync.isElementVisible(Sync.java:68)
at Common.ActionMethods.mouseHover(ActionMethods.java:476)
at PageObjects.ReportsPage.clickOnReportsSidebarTripStopDetailed(ReportsPage.java:108)
at TestCases.TripStopDetailedTest.Verify_the_Trip_Stop_Detailed_using_Monthly_Period_functionality(TripStopDetailedTest.java:391)
at sun.reflect.NativeMethodAccessorImpl.invoke0(Native Method)
at sun.reflect.NativeMethodAccessorImpl.invoke(Unknown Source)
at sun.reflect.DelegatingMethodAccessorImpl.invoke(Unknown Source)
at java.lang.reflect.Method.invoke(Unknown Source)
at org.testng.internal.MethodInvocationHelper.invokeMethod(MethodInvocationHelper.java:133)
at org.testng.internal.TestInvoker.invokeMethod(TestInvoker.java:584)
at org.testng.internal.TestInvoker.invokeTestMethod(TestInvoker.java:172)
at org.testng.internal.MethodRunner.runInSequence(MethodRunner.java:46)
at org.testng.internal.TestInvoker$MethodInvocationAgent.invoke(TestInvoker.java:804)
at org.testng.internal.TestInvoker.invokeTestMethods(TestInvoker.java:145)
at org.testng.internal.TestMethodWorker.invokeTestMethods(TestMethodWorker.java:146)
at org.testng.internal.TestMethodWorker.run(TestMethodWorker.java:128)
at java.util.ArrayList.forEach(Unknown Source)
at org.testng.TestRunner.privateRun(TestRunner.java:770)
at org.testng.TestRunner.run(TestRunner.java:591)
at org.testng.SuiteRunner.runTest(SuiteRunner.java:402)
at org.testng.SuiteRunner.runSequentially(SuiteRunner.java:396)
at org.testng.SuiteRunner.privateRun(SuiteRunner.java:355)
at org.testng.SuiteRunner.run(SuiteRunner.java:304)
at org.testng.SuiteRunnerWorker.runSuite(SuiteRunnerWorker.java:53)
at org.testng.SuiteRunnerWorker.run(SuiteRunnerWorker.java:96)
at org.testng.TestNG.runSuitesSequentially(TestNG.java:1180)
at org.testng.TestNG.runSuitesLocally(TestNG.java:1102)
at org.testng.TestNG.runSuites(TestNG.java:1032)
at org.testng.TestNG.run(TestNG.java:1000)
at org.testng.remote.AbstractRemoteTestNG.run(AbstractRemoteTestNG.java:115)
at org.testng.remote.RemoteTestNG.initAndRun(RemoteTestNG.java:251)
at org.testng.remote.RemoteTestNG.main(RemoteTestNG.java:77)
]]>
    </failure>
  </testcase> <!-- Verify_the_Trip_Stop_Detailed_using_Monthly_Period_functionality -->
</testsuite> <!-- TestCases.TripStopDetailedTest -->
