<?xml version="1.0" encoding="UTF-8"?>
<!-- Generated by org.testng.reporters.JUnitReportReporter -->
<testsuite skipped="1" hostname="VITSIN-1-65" name="TestCases.ReportLogsTest" tests="11" failures="0" timestamp="2019-10-10T11:28:47 EDT" time="432.128" errors="0">
  <testcase name="Verify_the_Report_Logs_Navigation_bar_link_functionality" time="25.910" classname="TestCases.ReportLogsTest"/>
  <testcase name="Verify_the_UI_of_Report_Logs" time="26.706" classname="TestCases.ReportLogsTest"/>
  <testcase name="Verify_Email_On_demands_download_UI" time="27.235" classname="TestCases.ReportLogsTest"/>
  <testcase name="Verify_Send_Report_button_functionality_on_Email_On_Demand_download_Popup_if_left_empty_email_field" time="28.361" classname="TestCases.ReportLogsTest"/>
  <testcase name="Verify_PDF_download" time="30.389" classname="TestCases.ReportLogsTest"/>
  <testcase name="Verify_CSV_download_functionality" time="30.618" classname="TestCases.ReportLogsTest"/>
  <testcase name="Verify_HTML_download_functionality" time="30.432" classname="TestCases.ReportLogsTest"/>
  <testcase name="Verify_the_search_functionality" time="25.751" classname="TestCases.ReportLogsTest"/>
  <testcase name="Verify_the_pagination_functionality" time="160.454" classname="TestCases.ReportLogsTest"/>
  <testcase name="Verify_Send_Report_button_functionality_on_Email_on_Demand_download_Popup_if_Fill_up_email_field" time="46.272" classname="TestCases.ReportLogsTest"/>
  <testcase name="Verify_the_sorting_functionality" classname="TestCases.ReportLogsTest">
    <skipped/>
  </testcase> <!-- Verify_the_sorting_functionality -->
</testsuite> <!-- TestCases.ReportLogsTest -->
