<?xml version="1.0" encoding="UTF-8"?>
<!-- Generated by org.testng.reporters.JUnitReportReporter -->
<testsuite skipped="0" hostname="VITSIN-1-65" name="TestCases.LoginTest" tests="9" failures="0" timestamp="2019-10-09T09:53:21 EDT" time="127.623" errors="0">
  <testcase name="Verify_login_page_title" time="1.938" classname="TestCases.LoginTest"/>
  <testcase name="Verify_the_login_page_URL" time="4.971" classname="TestCases.LoginTest"/>
  <testcase name="Verify_login_page_UI_fields" time="1.749" classname="TestCases.LoginTest"/>
  <testcase name="Verify_validation_message_with_valid_emailAddress_and_empty_password_field" time="8.992" classname="TestCases.LoginTest"/>
  <testcase name="Verify_validation_message_with_valid_password_and_empty_emailAddress_field" time="12.188" classname="TestCases.LoginTest"/>
  <testcase name="Verify_validation_message_with_empty_email_address_and_empty_password_field" time="13.655" classname="TestCases.LoginTest"/>
  <testcase name="Verify_validation_message_with_invalid_email_address_and_invalid_password_field" time="7.410" classname="TestCases.LoginTest"/>
  <testcase name="Verify_forgot_password_link" time="18.657" classname="TestCases.LoginTest"/>
  <testcase name="Verify_login_functionality_with_valid_credentials_of_superAdmin" time="58.063" classname="TestCases.LoginTest"/>
</testsuite> <!-- TestCases.LoginTest -->
