<?xml version="1.0" encoding="UTF-8"?>
<!-- Generated by org.testng.reporters.JUnitReportReporter -->
<testsuite skipped="0" hostname="VITSIN-1-65" name="TestCases.ReportsTest" tests="1" failures="0" timestamp="2019-10-03T09:30:47 EDT" time="34.375" errors="0">
  <testcase name="Verify_the_sorting_functionality" time="34.375" classname="TestCases.ReportsTest"/>
</testsuite> <!-- TestCases.ReportsTest -->
