<?xml version="1.0" encoding="UTF-8"?>
<!-- Generated by org.testng.reporters.JUnitReportReporter -->
<testsuite skipped="0" hostname="VITSIN-1-65" name="TestCases.LoginTest" tests="9" failures="0" timestamp="2019-10-10T11:28:47 EDT" time="128.693" errors="0">
  <testcase name="Verify_login_page_title" time="1.982" classname="TestCases.LoginTest"/>
  <testcase name="Verify_the_login_page_URL" time="4.949" classname="TestCases.LoginTest"/>
  <testcase name="Verify_login_page_UI_fields" time="1.725" classname="TestCases.LoginTest"/>
  <testcase name="Verify_validation_message_with_valid_emailAddress_and_empty_password_field" time="9.341" classname="TestCases.LoginTest"/>
  <testcase name="Verify_validation_message_with_valid_password_and_empty_emailAddress_field" time="12.093" classname="TestCases.LoginTest"/>
  <testcase name="Verify_validation_message_with_empty_email_address_and_empty_password_field" time="14.010" classname="TestCases.LoginTest"/>
  <testcase name="Verify_validation_message_with_invalid_email_address_and_invalid_password_field" time="7.387" classname="TestCases.LoginTest"/>
  <testcase name="Verify_forgot_password_link" time="18.623" classname="TestCases.LoginTest"/>
  <testcase name="Verify_login_functionality_with_valid_credentials_of_superAdmin" time="58.583" classname="TestCases.LoginTest"/>
</testsuite> <!-- TestCases.LoginTest -->
